{"name": "ТС005-Тест создание объявления с нулевым значением viewCount", "status": "failed", "statusDetails": {"message": "AssertionError: assert 400 == 200\n +  where 400 = <Response [400]>.status_code", "trace": "self = <test_create_ad.TestCreateAd object at 0x000001B88386CDD0>\ndata_for_create_ad = {'name': 'БМВ', 'price': 2867567, 'sellerID': 699134, 'statistics': {'contacts': 191, 'likes': 475, 'viewCount': 0}}, field_name = 'viewCount'\ntest_case_id = 'ТС005'\n\n    @pytest.mark.parametrize(\"field_name, test_case_id\", ZeroInField.field)\n    @allure.title(\"{test_case_id}-Тест создание объявления с нулевым значением {field_name}\")\n    def test_create_ad_with_zero_value_fields(self, data_for_create_ad, field_name, test_case_id):\n        data_ad = data_for_create_ad.copy()\n        if field_name == \"price\":\n            data_ad[\"price\"] = 0\n        else:\n            data_ad[\"statistics\"][field_name] = 0\n        response = create_ad(data_ad)\n        with allure.step(f\"{test_case_id}-Проверить успешное создание с {field_name}=0\"):\n>           assert response.status_code == 200\nE           assert 400 == 200\nE            +  where 400 = <Response [400]>.status_code\n\ntest_create_ad.py:60: AssertionError"}, "steps": [{"name": "Создание обьявления", "status": "passed", "parameters": [{"name": "data_ad", "value": "{'sellerID': 699134, 'name': 'БМВ', 'price': 2867567, 'statistics': {'likes': 475, 'viewCount': 0, 'contacts': 191}}"}], "start": 1767035900103, "stop": 1767035900413}, {"name": "ТС005-Проверить успешное создание с viewCount=0", "status": "failed", "statusDetails": {"message": "AssertionError: assert 400 == 200\n +  where 400 = <Response [400]>.status_code\n", "trace": "  File \"C:\\Users\\Slipenberg\\Desktop\\Avito\\test_create_ad.py\", line 60, in test_create_ad_with_zero_value_fields\n    assert response.status_code == 200\n"}, "start": 1767035900413, "stop": 1767035900414}], "parameters": [{"name": "field_name", "value": "'viewCount'"}, {"name": "test_case_id", "value": "'ТС005'"}], "start": 1767035900103, "stop": 1767035900415, "uuid": "7b2e1d25-1d62-47aa-aef9-700d7924b8a2", "historyId": "11682ffe8743c1f0ffbfc9f7eb4dd905", "testCaseId": "2633b5bfb5d92c9c900907f7e73d5b74", "fullName": "test_create_ad.TestCreateAd#test_create_ad_with_zero_value_fields", "labels": [{"name": "suite", "value": "test_create_ad"}, {"name": "subSuite", "value": "TestCreateAd"}, {"name": "host", "value": "DESKTOP-GVQL230"}, {"name": "thread", "value": "13132-MainThread"}, {"name": "framework", "value": "pytest"}, {"name": "language", "value": "cpython3"}, {"name": "package", "value": "test_create_ad"}], "titlePath": ["test_create_ad.py", "TestCreateAd"]}