{"name": "ТС032-Тест создание с невалидным statistics.{stat_field} равный -331155", "status": "failed", "statusDetails": {"message": "AssertionError: Ожидался 400, получен 200\nassert 200 == 400\n +  where 200 = <Response [200]>.status_code", "trace": "self = <test_create_ad.TestCreateAd object at 0x000001B88386B5C0>\ndata_for_create_ad = {'name': 'Киа', 'price': 1734928, 'sellerID': 236350, 'statistics': {'contacts': 189, 'likes': -331155, 'viewCount': 9212}}\nstatic_field = 'likes', invalid_value = -331155, id_test_case = 'ТС032'\n\n    @pytest.mark.parametrize(\"static_field, invalid_value, id_test_case\", InvalidField.statistics_fields)\n    @allure.title(\"{id_test_case}-Тест создание с невалидным statistics.{stat_field} равный {invalid_value}\")\n    def test_create_ad_with_invalid_static_field(self, data_for_create_ad, static_field, invalid_value, id_test_case):\n        data_ad = data_for_create_ad.copy()\n        data_ad[\"statistics\"][static_field] = invalid_value\n        response = create_ad(data_ad)\n        with allure.step(f\"{id_test_case}-Проверить статус код 400\"):\n>           assert response.status_code == 400, f\"Ожидался 400, получен {response.status_code}\"\nE           AssertionError: Ожидался 400, получен 200\nE           assert 200 == 400\nE            +  where 200 = <Response [200]>.status_code\n\ntest_create_ad.py:121: AssertionError"}, "steps": [{"name": "Создание обьявления", "status": "passed", "parameters": [{"name": "data_ad", "value": "{'sellerID': 236350, 'name': 'Киа', 'price': 1734928, 'statistics': {'likes': -331155, 'viewCount': 9212, 'contacts': 189}}"}], "start": 1767035911680, "stop": 1767035912094}, {"name": "ТС032-Проверить статус код 400", "status": "failed", "statusDetails": {"message": "AssertionError: Ожидался 400, получен 200\nassert 200 == 400\n +  where 200 = <Response [200]>.status_code\n", "trace": "  File \"C:\\Users\\Slipenberg\\Desktop\\Avito\\test_create_ad.py\", line 121, in test_create_ad_with_invalid_static_field\n    assert response.status_code == 400, f\"Ожидался 400, получен {response.status_code}\"\n"}, "start": 1767035912094, "stop": 1767035912094}], "parameters": [{"name": "static_field", "value": "'likes'"}, {"name": "invalid_value", "value": "-331155"}, {"name": "id_test_case", "value": "'ТС032'"}], "start": 1767035911680, "stop": 1767035912095, "uuid": "5517154f-1332-4ae7-8795-b67238a219d7", "historyId": "0c5841eca3a31a9c8670a89b2cac41b1", "testCaseId": "1909761eed58a33617db5e67da7378f5", "fullName": "test_create_ad.TestCreateAd#test_create_ad_with_invalid_static_field", "labels": [{"name": "suite", "value": "test_create_ad"}, {"name": "subSuite", "value": "TestCreateAd"}, {"name": "host", "value": "DESKTOP-GVQL230"}, {"name": "thread", "value": "13132-MainThread"}, {"name": "framework", "value": "pytest"}, {"name": "language", "value": "cpython3"}, {"name": "package", "value": "test_create_ad"}], "titlePath": ["test_create_ad.py", "TestCreateAd"]}