{"name": "ТС039-Тест создание с невалидным statistics.{stat_field} равный -331155", "status": "failed", "statusDetails": {"message": "AssertionError: Ожидался 400, получен 200\nassert 200 == 400\n +  where 200 = <Response [200]>.status_code", "trace": "self = <test_create_ad.TestCreateAd object at 0x000001B88386B7A0>\ndata_for_create_ad = {'name': 'Ауди', 'price': 1233565, 'sellerID': 433426, 'statistics': {'contacts': 86, 'likes': 361, 'viewCount': -331155}}\nstatic_field = 'viewCount', invalid_value = -331155, id_test_case = 'ТС039'\n\n    @pytest.mark.parametrize(\"static_field, invalid_value, id_test_case\", InvalidField.statistics_fields)\n    @allure.title(\"{id_test_case}-Тест создание с невалидным statistics.{stat_field} равный {invalid_value}\")\n    def test_create_ad_with_invalid_static_field(self, data_for_create_ad, static_field, invalid_value, id_test_case):\n        data_ad = data_for_create_ad.copy()\n        data_ad[\"statistics\"][static_field] = invalid_value\n        response = create_ad(data_ad)\n        with allure.step(f\"{id_test_case}-Проверить статус код 400\"):\n>           assert response.status_code == 400, f\"Ожидался 400, получен {response.status_code}\"\nE           AssertionError: Ожидался 400, получен 200\nE           assert 200 == 400\nE            +  where 200 = <Response [200]>.status_code\n\ntest_create_ad.py:121: AssertionError"}, "steps": [{"name": "Создание обьявления", "status": "passed", "parameters": [{"name": "data_ad", "value": "{'sellerID': 433426, 'name': 'Ауди', 'price': 1233565, 'statistics': {'likes': 361, 'viewCount': -331155, 'contacts': 86}}"}], "start": 1767035913795, "stop": 1767035914157}, {"name": "ТС039-Проверить статус код 400", "status": "failed", "statusDetails": {"message": "AssertionError: Ожидался 400, получен 200\nassert 200 == 400\n +  where 200 = <Response [200]>.status_code\n", "trace": "  File \"C:\\Users\\Slipenberg\\Desktop\\Avito\\test_create_ad.py\", line 121, in test_create_ad_with_invalid_static_field\n    assert response.status_code == 400, f\"Ожидался 400, получен {response.status_code}\"\n"}, "start": 1767035914157, "stop": 1767035914158}], "parameters": [{"name": "static_field", "value": "'viewCount'"}, {"name": "invalid_value", "value": "-331155"}, {"name": "id_test_case", "value": "'ТС039'"}], "start": 1767035913795, "stop": 1767035914159, "uuid": "45bed640-8f43-486c-a7f5-e127f1fea45f", "historyId": "66eb6e1f8a6ac2c4d4edae6880a5ec31", "testCaseId": "1909761eed58a33617db5e67da7378f5", "fullName": "test_create_ad.TestCreateAd#test_create_ad_with_invalid_static_field", "labels": [{"name": "suite", "value": "test_create_ad"}, {"name": "subSuite", "value": "TestCreateAd"}, {"name": "host", "value": "DESKTOP-GVQL230"}, {"name": "thread", "value": "13132-MainThread"}, {"name": "framework", "value": "pytest"}, {"name": "language", "value": "cpython3"}, {"name": "package", "value": "test_create_ad"}], "titlePath": ["test_create_ad.py", "TestCreateAd"]}