{"name": "ТС012-Тест создание объявления с невалидным значением параметра sellerID равный -331155", "status": "failed", "statusDetails": {"message": "AssertionError: Ожидался 400, получен 200\nassert 200 == 400\n +  where 200 = <Response [200]>.status_code", "trace": "self = <test_create_ad.TestCreateAd object at 0x000001B88383F5F0>\ndata_for_create_ad = {'name': 'Ауди', 'price': 3646582, 'sellerID': 118307, 'statistics': {'contacts': 107, 'likes': 161, 'viewCount': 8097}}, field = 'sellerID'\ninvalid_value = -331155, id_test_case = 'ТС012'\n\n    @pytest.mark.parametrize(\"field, invalid_value, id_test_case\", InvalidField.invalid_fields)\n    @allure.title(\"{id_test_case}-Тест создание объявления с невалидным значением параметра {field} равный {invalid_value}\")\n    def test_create_ad_with_invalid_fields(self, data_for_create_ad, field, invalid_value, id_test_case):\n        data_ad = data_for_create_ad.copy()\n        data_ad[field] = invalid_value\n        response = create_ad(data_ad)\n        with allure.step(f\"{id_test_case}-Проверить статус код 400\"):\n>           assert response.status_code == 400, f\"Ожидался 400, получен {response.status_code}\"\nE           AssertionError: Ожидался 400, получен 200\nE           assert 200 == 400\nE            +  where 200 = <Response [200]>.status_code\n\ntest_create_ad.py:108: AssertionError"}, "steps": [{"name": "Создание обьявления", "status": "passed", "parameters": [{"name": "data_ad", "value": "{'sellerID': -331155, 'name': 'Ауди', 'price': 3646582, 'statistics': {'likes': 161, 'viewCount': 8097, 'contacts': 107}}"}], "start": 1767035904442, "stop": 1767035904791}, {"name": "ТС012-Проверить статус код 400", "status": "failed", "statusDetails": {"message": "AssertionError: Ожидался 400, получен 200\nassert 200 == 400\n +  where 200 = <Response [200]>.status_code\n", "trace": "  File \"C:\\Users\\Slipenberg\\Desktop\\Avito\\test_create_ad.py\", line 108, in test_create_ad_with_invalid_fields\n    assert response.status_code == 400, f\"Ожидался 400, получен {response.status_code}\"\n"}, "start": 1767035904791, "stop": 1767035904791}], "parameters": [{"name": "field", "value": "'sellerID'"}, {"name": "invalid_value", "value": "-331155"}, {"name": "id_test_case", "value": "'ТС012'"}], "start": 1767035904441, "stop": 1767035904792, "uuid": "d7a33390-e432-4c17-8358-b284282f8207", "historyId": "c41451052257f20e464084a79ce6ddac", "testCaseId": "f3e13759e113e7f3beeb72a44eed677c", "fullName": "test_create_ad.TestCreateAd#test_create_ad_with_invalid_fields", "labels": [{"name": "suite", "value": "test_create_ad"}, {"name": "subSuite", "value": "TestCreateAd"}, {"name": "host", "value": "DESKTOP-GVQL230"}, {"name": "thread", "value": "13132-MainThread"}, {"name": "framework", "value": "pytest"}, {"name": "language", "value": "cpython3"}, {"name": "package", "value": "test_create_ad"}], "titlePath": ["test_create_ad.py", "TestCreateAd"]}