{"name": "ТС026-Тест создание объявления с невалидным значением параметра price равный 3000000", "status": "failed", "statusDetails": {"message": "AssertionError: Ожидался 400, получен 200\nassert 200 == 400\n +  where 200 = <Response [200]>.status_code", "trace": "self = <test_create_ad.TestCreateAd object at 0x000001B88386A760>\ndata_for_create_ad = {'name': 'БМВ', 'price': 244922, 'sellerID': 443478, 'statistics': {'contacts': 158, 'likes': 339, 'viewCount': 4515}}, field = 'price'\ninvalid_value = 3000000, id_test_case = 'ТС026'\n\n    @pytest.mark.parametrize(\"field, invalid_value, id_test_case\", InvalidField.invalid_fields)\n    @allure.title(\"{id_test_case}-Тест создание объявления с невалидным значением параметра {field} равный {invalid_value}\")\n    def test_create_ad_with_invalid_fields(self, data_for_create_ad, field, invalid_value, id_test_case):\n        data_ad = data_for_create_ad.copy()\n        data_ad[field] = invalid_value\n        response = create_ad(data_ad)\n        with allure.step(f\"{id_test_case}-Проверить статус код 400\"):\n>           assert response.status_code == 400, f\"Ожидался 400, получен {response.status_code}\"\nE           AssertionError: Ожидался 400, получен 200\nE           assert 200 == 400\nE            +  where 200 = <Response [200]>.status_code\n\ntest_create_ad.py:108: AssertionError"}, "steps": [{"name": "Создание обьявления", "status": "passed", "parameters": [{"name": "data_ad", "value": "{'sellerID': 443478, 'name': 'БМВ', 'price': 3000000, 'statistics': {'likes': 339, 'viewCount': 4515, 'contacts': 158}}"}], "start": 1767035908551, "stop": 1767035908911}, {"name": "ТС026-Проверить статус код 400", "status": "failed", "statusDetails": {"message": "AssertionError: Ожидался 400, получен 200\nassert 200 == 400\n +  where 200 = <Response [200]>.status_code\n", "trace": "  File \"C:\\Users\\Slipenberg\\Desktop\\Avito\\test_create_ad.py\", line 108, in test_create_ad_with_invalid_fields\n    assert response.status_code == 400, f\"Ожидался 400, получен {response.status_code}\"\n"}, "start": 1767035908911, "stop": 1767035908912}], "parameters": [{"name": "field", "value": "'price'"}, {"name": "invalid_value", "value": "3000000"}, {"name": "id_test_case", "value": "'ТС026'"}], "start": 1767035908550, "stop": 1767035908913, "uuid": "1741705d-2840-48ba-8e59-04935b69db6e", "historyId": "6705f22d18df76498ac26d4c83661a2c", "testCaseId": "f3e13759e113e7f3beeb72a44eed677c", "fullName": "test_create_ad.TestCreateAd#test_create_ad_with_invalid_fields", "labels": [{"name": "suite", "value": "test_create_ad"}, {"name": "subSuite", "value": "TestCreateAd"}, {"name": "host", "value": "DESKTOP-GVQL230"}, {"name": "thread", "value": "13132-MainThread"}, {"name": "framework", "value": "pytest"}, {"name": "language", "value": "cpython3"}, {"name": "package", "value": "test_create_ad"}], "titlePath": ["test_create_ad.py", "TestCreateAd"]}