{"name": "ТС025-Тест создание объявления с невалидным значением параметра price равный -331155", "status": "failed", "statusDetails": {"message": "AssertionError: Ожидался 400, получен 200\nassert 200 == 400\n +  where 200 = <Response [200]>.status_code", "trace": "self = <test_create_ad.TestCreateAd object at 0x000001B88386A710>\ndata_for_create_ad = {'name': 'Тойота', 'price': 3012012, 'sellerID': 245181, 'statistics': {'contacts': 131, 'likes': 400, 'viewCount': 1895}}, field = 'price'\ninvalid_value = -331155, id_test_case = 'ТС025'\n\n    @pytest.mark.parametrize(\"field, invalid_value, id_test_case\", InvalidField.invalid_fields)\n    @allure.title(\"{id_test_case}-Тест создание объявления с невалидным значением параметра {field} равный {invalid_value}\")\n    def test_create_ad_with_invalid_fields(self, data_for_create_ad, field, invalid_value, id_test_case):\n        data_ad = data_for_create_ad.copy()\n        data_ad[field] = invalid_value\n        response = create_ad(data_ad)\n        with allure.step(f\"{id_test_case}-Проверить статус код 400\"):\n>           assert response.status_code == 400, f\"Ожидался 400, получен {response.status_code}\"\nE           AssertionError: Ожидался 400, получен 200\nE           assert 200 == 400\nE            +  where 200 = <Response [200]>.status_code\n\ntest_create_ad.py:108: AssertionError"}, "steps": [{"name": "Создание обьявления", "status": "passed", "parameters": [{"name": "data_ad", "value": "{'sellerID': 245181, 'name': 'Тойота', 'price': -331155, 'statistics': {'likes': 400, 'viewCount': 1895, 'contacts': 131}}"}], "start": 1767035908212, "stop": 1767035908539}, {"name": "ТС025-Проверить статус код 400", "status": "failed", "statusDetails": {"message": "AssertionError: Ожидался 400, получен 200\nassert 200 == 400\n +  where 200 = <Response [200]>.status_code\n", "trace": "  File \"C:\\Users\\Slipenberg\\Desktop\\Avito\\test_create_ad.py\", line 108, in test_create_ad_with_invalid_fields\n    assert response.status_code == 400, f\"Ожидался 400, получен {response.status_code}\"\n"}, "start": 1767035908539, "stop": 1767035908539}], "parameters": [{"name": "field", "value": "'price'"}, {"name": "invalid_value", "value": "-331155"}, {"name": "id_test_case", "value": "'ТС025'"}], "start": 1767035908212, "stop": 1767035908540, "uuid": "9e6c9396-59bf-4ee4-aebc-ae544f6a30b8", "historyId": "504b804b4203f55243b14f3ae3b7b291", "testCaseId": "f3e13759e113e7f3beeb72a44eed677c", "fullName": "test_create_ad.TestCreateAd#test_create_ad_with_invalid_fields", "labels": [{"name": "suite", "value": "test_create_ad"}, {"name": "subSuite", "value": "TestCreateAd"}, {"name": "host", "value": "DESKTOP-GVQL230"}, {"name": "thread", "value": "13132-MainThread"}, {"name": "framework", "value": "pytest"}, {"name": "language", "value": "cpython3"}, {"name": "package", "value": "test_create_ad"}], "titlePath": ["test_create_ad.py", "TestCreateAd"]}