{"name": "ТС006-Тест создание объявления с нулевым значением contacts", "status": "failed", "statusDetails": {"message": "AssertionError: assert 400 == 200\n +  where 400 = <Response [400]>.status_code", "trace": "self = <test_create_ad.TestCreateAd object at 0x000001B8837E6030>\ndata_for_create_ad = {'name': 'Шкода', 'price': 3400981, 'sellerID': 307837, 'statistics': {'contacts': 0, 'likes': 365, 'viewCount': 220}}, field_name = 'contacts'\ntest_case_id = 'ТС006'\n\n    @pytest.mark.parametrize(\"field_name, test_case_id\", ZeroInField.field)\n    @allure.title(\"{test_case_id}-Тест создание объявления с нулевым значением {field_name}\")\n    def test_create_ad_with_zero_value_fields(self, data_for_create_ad, field_name, test_case_id):\n        data_ad = data_for_create_ad.copy()\n        if field_name == \"price\":\n            data_ad[\"price\"] = 0\n        else:\n            data_ad[\"statistics\"][field_name] = 0\n        response = create_ad(data_ad)\n        with allure.step(f\"{test_case_id}-Проверить успешное создание с {field_name}=0\"):\n>           assert response.status_code == 200\nE           assert 400 == 200\nE            +  where 400 = <Response [400]>.status_code\n\ntest_create_ad.py:60: AssertionError"}, "steps": [{"name": "Создание обьявления", "status": "passed", "parameters": [{"name": "data_ad", "value": "{'sellerID': 307837, 'name': 'Шкода', 'price': 3400981, 'statistics': {'likes': 365, 'viewCount': 220, 'contacts': 0}}"}], "start": 1767035900432, "stop": 1767035900739}, {"name": "ТС006-Проверить успешное создание с contacts=0", "status": "failed", "statusDetails": {"message": "AssertionError: assert 400 == 200\n +  where 400 = <Response [400]>.status_code\n", "trace": "  File \"C:\\Users\\Slipenberg\\Desktop\\Avito\\test_create_ad.py\", line 60, in test_create_ad_with_zero_value_fields\n    assert response.status_code == 200\n"}, "start": 1767035900739, "stop": 1767035900739}], "parameters": [{"name": "field_name", "value": "'contacts'"}, {"name": "test_case_id", "value": "'ТС006'"}], "start": 1767035900432, "stop": 1767035900740, "uuid": "14f7b605-6470-476e-ab48-8e047e9bf30a", "historyId": "aca5fb4ac8a15cddfa4ff3edc0dd4f7b", "testCaseId": "2633b5bfb5d92c9c900907f7e73d5b74", "fullName": "test_create_ad.TestCreateAd#test_create_ad_with_zero_value_fields", "labels": [{"name": "suite", "value": "test_create_ad"}, {"name": "subSuite", "value": "TestCreateAd"}, {"name": "host", "value": "DESKTOP-GVQL230"}, {"name": "thread", "value": "13132-MainThread"}, {"name": "framework", "value": "pytest"}, {"name": "language", "value": "cpython3"}, {"name": "package", "value": "test_create_ad"}], "titlePath": ["test_create_ad.py", "TestCreateAd"]}