{"name": "ТС047-Тест создание с невалидным statistics.{stat_field} равный 3000000", "status": "failed", "statusDetails": {"message": "AssertionError: Ожидался 400, получен 200\nassert 200 == 400\n +  where 200 = <Response [200]>.status_code", "trace": "self = <test_create_ad.TestCreateAd object at 0x000001B8838900A0>\ndata_for_create_ad = {'name': 'Киа', 'price': 2697091, 'sellerID': 491831, 'statistics': {'contacts': 3000000, 'likes': 6, 'viewCount': 3832}}\nstatic_field = 'contacts', invalid_value = 3000000, id_test_case = 'ТС047'\n\n    @pytest.mark.parametrize(\"static_field, invalid_value, id_test_case\", InvalidField.statistics_fields)\n    @allure.title(\"{id_test_case}-Тест создание с невалидным statistics.{stat_field} равный {invalid_value}\")\n    def test_create_ad_with_invalid_static_field(self, data_for_create_ad, static_field, invalid_value, id_test_case):\n        data_ad = data_for_create_ad.copy()\n        data_ad[\"statistics\"][static_field] = invalid_value\n        response = create_ad(data_ad)\n        with allure.step(f\"{id_test_case}-Проверить статус код 400\"):\n>           assert response.status_code == 400, f\"Ожидался 400, получен {response.status_code}\"\nE           AssertionError: Ожидался 400, получен 200\nE           assert 200 == 400\nE            +  where 200 = <Response [200]>.status_code\n\ntest_create_ad.py:121: AssertionError"}, "steps": [{"name": "Создание обьявления", "status": "passed", "parameters": [{"name": "data_ad", "value": "{'sellerID': 491831, 'name': 'Киа', 'price': 2697091, 'statistics': {'likes': 6, 'viewCount': 3832, 'contacts': 3000000}}"}], "start": 1767035916168, "stop": 1767035916478}, {"name": "ТС047-Проверить статус код 400", "status": "failed", "statusDetails": {"message": "AssertionError: Ожидался 400, получен 200\nassert 200 == 400\n +  where 200 = <Response [200]>.status_code\n", "trace": "  File \"C:\\Users\\Slipenberg\\Desktop\\Avito\\test_create_ad.py\", line 121, in test_create_ad_with_invalid_static_field\n    assert response.status_code == 400, f\"Ожидался 400, получен {response.status_code}\"\n"}, "start": 1767035916478, "stop": 1767035916478}], "parameters": [{"name": "static_field", "value": "'contacts'"}, {"name": "invalid_value", "value": "3000000"}, {"name": "id_test_case", "value": "'ТС047'"}], "start": 1767035916168, "stop": 1767035916479, "uuid": "4883ad49-b6df-460b-9284-14fe47cdfa11", "historyId": "92450bdaaa6fa1e9cec8230fb5833dcd", "testCaseId": "1909761eed58a33617db5e67da7378f5", "fullName": "test_create_ad.TestCreateAd#test_create_ad_with_invalid_static_field", "labels": [{"name": "suite", "value": "test_create_ad"}, {"name": "subSuite", "value": "TestCreateAd"}, {"name": "host", "value": "DESKTOP-GVQL230"}, {"name": "thread", "value": "13132-MainThread"}, {"name": "framework", "value": "pytest"}, {"name": "language", "value": "cpython3"}, {"name": "package", "value": "test_create_ad"}], "titlePath": ["test_create_ad.py", "TestCreateAd"]}