{"name": "ТС033-Тест создание с невалидным statistics.{stat_field} равный 3000000", "status": "failed", "statusDetails": {"message": "AssertionError: Ожидался 400, получен 200\nassert 200 == 400\n +  where 200 = <Response [200]>.status_code", "trace": "self = <test_create_ad.TestCreateAd object at 0x000001B88386B610>\ndata_for_create_ad = {'name': 'Шкода', 'price': 293942, 'sellerID': 871131, 'statistics': {'contacts': 19, 'likes': 3000000, 'viewCount': 9723}}\nstatic_field = 'likes', invalid_value = 3000000, id_test_case = 'ТС033'\n\n    @pytest.mark.parametrize(\"static_field, invalid_value, id_test_case\", InvalidField.statistics_fields)\n    @allure.title(\"{id_test_case}-Тест создание с невалидным statistics.{stat_field} равный {invalid_value}\")\n    def test_create_ad_with_invalid_static_field(self, data_for_create_ad, static_field, invalid_value, id_test_case):\n        data_ad = data_for_create_ad.copy()\n        data_ad[\"statistics\"][static_field] = invalid_value\n        response = create_ad(data_ad)\n        with allure.step(f\"{id_test_case}-Проверить статус код 400\"):\n>           assert response.status_code == 400, f\"Ожидался 400, получен {response.status_code}\"\nE           AssertionError: Ожидался 400, получен 200\nE           assert 200 == 400\nE            +  where 200 = <Response [200]>.status_code\n\ntest_create_ad.py:121: AssertionError"}, "steps": [{"name": "Создание обьявления", "status": "passed", "parameters": [{"name": "data_ad", "value": "{'sellerID': 871131, 'name': 'Шкода', 'price': 293942, 'statistics': {'likes': 3000000, 'viewCount': 9723, 'contacts': 19}}"}], "start": 1767035912115, "stop": 1767035912447}, {"name": "ТС033-Проверить статус код 400", "status": "failed", "statusDetails": {"message": "AssertionError: Ожидался 400, получен 200\nassert 200 == 400\n +  where 200 = <Response [200]>.status_code\n", "trace": "  File \"C:\\Users\\Slipenberg\\Desktop\\Avito\\test_create_ad.py\", line 121, in test_create_ad_with_invalid_static_field\n    assert response.status_code == 400, f\"Ожидался 400, получен {response.status_code}\"\n"}, "start": 1767035912447, "stop": 1767035912448}], "parameters": [{"name": "static_field", "value": "'likes'"}, {"name": "invalid_value", "value": "3000000"}, {"name": "id_test_case", "value": "'ТС033'"}], "start": 1767035912115, "stop": 1767035912449, "uuid": "4ff356a9-72fe-44d0-b6e4-07dc0e8d85bb", "historyId": "b0de4372f45e20c9b67ce6d5ddfcf603", "testCaseId": "1909761eed58a33617db5e67da7378f5", "fullName": "test_create_ad.TestCreateAd#test_create_ad_with_invalid_static_field", "labels": [{"name": "suite", "value": "test_create_ad"}, {"name": "subSuite", "value": "TestCreateAd"}, {"name": "host", "value": "DESKTOP-GVQL230"}, {"name": "thread", "value": "13132-MainThread"}, {"name": "framework", "value": "pytest"}, {"name": "language", "value": "cpython3"}, {"name": "package", "value": "test_create_ad"}], "titlePath": ["test_create_ad.py", "TestCreateAd"]}