{"name": "ТС054-Тест создание объявления с дополнительным параметром address", "status": "failed", "statusDetails": {"message": "AssertionError: Ожидался 400, получен 200\nassert 200 == 400\n +  where 200 = <Response [200]>.status_code", "trace": "self = <test_create_ad.TestCreateAd object at 0x000001B8838900F0>\ndata_for_create_ad = {'name': 'Тойота', 'price': 768142, 'sellerID': 842165, 'statistics': {'contacts': 66, 'likes': 125, 'viewCount': 7950}}\n\n    @allure.title(\"ТС054-Тест создание объявления с дополнительным параметром address\")\n    def test_create_ad_with_extra_field(self, data_for_create_ad):\n        data_ad = data_for_create_ad.copy()\n        data_ad[\"address\"] = \"Крылова\"\n        response = create_ad(data_ad)\n        with allure.step(\"Проверить статус код 400\"):\n>           assert response.status_code == 400, f\"Ожидался 400, получен {response.status_code}\"\nE           AssertionError: Ожидался 400, получен 200\nE           assert 200 == 400\nE            +  where 200 = <Response [200]>.status_code\n\ntest_create_ad.py:133: AssertionError"}, "steps": [{"name": "Создание обьявления", "status": "passed", "parameters": [{"name": "data_ad", "value": "{'sellerID': 842165, 'name': 'Тойота', 'price': 768142, 'statistics': {'likes': 125, 'viewCount': 7950, 'contacts': 66}, 'address': 'Крылова'}"}], "start": 1767035916834, "stop": 1767035917163}, {"name": "Проверить статус код 400", "status": "failed", "statusDetails": {"message": "AssertionError: Ожидался 400, получен 200\nassert 200 == 400\n +  where 200 = <Response [200]>.status_code\n", "trace": "  File \"C:\\Users\\Slipenberg\\Desktop\\Avito\\test_create_ad.py\", line 133, in test_create_ad_with_extra_field\n    assert response.status_code == 400, f\"Ожидался 400, получен {response.status_code}\"\n"}, "start": 1767035917163, "stop": 1767035917164}], "start": 1767035916834, "stop": 1767035917165, "uuid": "4404d991-bf2b-4a0f-90af-513880e22925", "historyId": "81036005d8cadc871e7a770819aeb373", "testCaseId": "81036005d8cadc871e7a770819aeb373", "fullName": "test_create_ad.TestCreateAd#test_create_ad_with_extra_field", "labels": [{"name": "suite", "value": "test_create_ad"}, {"name": "subSuite", "value": "TestCreateAd"}, {"name": "host", "value": "DESKTOP-GVQL230"}, {"name": "thread", "value": "13132-MainThread"}, {"name": "framework", "value": "pytest"}, {"name": "language", "value": "cpython3"}, {"name": "package", "value": "test_create_ad"}], "titlePath": ["test_create_ad.py", "TestCreateAd"]}