{"name": "TC067-Тест запроса с невалидным значением sellerID", "status": "failed", "statusDetails": {"message": "AssertionError: Ожидался 400 или 404, получен 405\nassert (405 == 400 or 405 == 404)\n +  where 405 = <Response [405]>.status_code\n +  and   405 = <Response [405]>.status_code", "trace": "self = <test_get_by_seller_id.TestGetAdBySellerId object at 0x000001B8837E6E00>, invalid_seller_id = '', test_case = 'TC067'\n\n    @allure.title(\"{test_case}-Тест запроса с невалидным значением sellerID\")\n    @pytest.mark.parametrize(\"invalid_seller_id, test_case\", InvalidField.invalid_seller_id_for_get)\n    def test_get_ad_with_invalid_seller_id(self, invalid_seller_id, test_case):\n        response = get_ads_by_seller_id(invalid_seller_id)\n        with allure.step(f\"{test_case}-Проверить код ответа 400 Bad Request\"):\n>           assert response.status_code == 400 or response.status_code == 404, f\"Ожидался 400 или 404, получен {response.status_code}\"\nE           AssertionError: Ожидался 400 или 404, получен 405\nE           assert (405 == 400 or 405 == 404)\nE            +  where 405 = <Response [405]>.status_code\nE            +  and   405 = <Response [405]>.status_code\n\ntest_get_by_seller_id.py:37: AssertionError"}, "steps": [{"name": "Получить объявления по sellerID продавца", "status": "passed", "parameters": [{"name": "seller_id", "value": "''"}], "start": 1767035924355, "stop": 1767035924673}, {"name": "TC067-Проверить код ответа 400 Bad Request", "status": "failed", "statusDetails": {"message": "AssertionError: Ожидался 400 или 404, получен 405\nassert (405 == 400 or 405 == 404)\n +  where 405 = <Response [405]>.status_code\n +  and   405 = <Response [405]>.status_code\n", "trace": "  File \"C:\\Users\\Slipenberg\\Desktop\\Avito\\test_get_by_seller_id.py\", line 37, in test_get_ad_with_invalid_seller_id\n    assert response.status_code == 400 or response.status_code == 404, f\"Ожидался 400 или 404, получен {response.status_code}\"\n"}, "start": 1767035924673, "stop": 1767035924674}], "parameters": [{"name": "invalid_seller_id", "value": "''"}, {"name": "test_case", "value": "'TC067'"}], "start": 1767035924355, "stop": 1767035924675, "uuid": "e75b9a44-a23b-4b80-9462-85197b5e9fec", "historyId": "ca33ac40ae2abfb1c58018c5505fddf5", "testCaseId": "8b414ff694229ce054504f673c48a3fd", "fullName": "test_get_by_seller_id.TestGetAdBySellerId#test_get_ad_with_invalid_seller_id", "labels": [{"name": "suite", "value": "test_get_by_seller_id"}, {"name": "subSuite", "value": "TestGetAdBySellerId"}, {"name": "host", "value": "DESKTOP-GVQL230"}, {"name": "thread", "value": "13132-MainThread"}, {"name": "framework", "value": "pytest"}, {"name": "language", "value": "cpython3"}, {"name": "package", "value": "test_get_by_seller_id"}], "titlePath": ["test_get_by_seller_id.py", "TestGetAdBySellerId"]}