{"name": "ТС040-Тест создание с невалидным statistics.{stat_field} равный 3000000", "status": "failed", "statusDetails": {"message": "AssertionError: Ожидался 400, получен 200\nassert 200 == 400\n +  where 200 = <Response [200]>.status_code", "trace": "self = <test_create_ad.TestCreateAd object at 0x000001B88386B7F0>\ndata_for_create_ad = {'name': 'Шкода', 'price': 171522, 'sellerID': 829675, 'statistics': {'contacts': 47, 'likes': 347, 'viewCount': 3000000}}\nstatic_field = 'viewCount', invalid_value = 3000000, id_test_case = 'ТС040'\n\n    @pytest.mark.parametrize(\"static_field, invalid_value, id_test_case\", InvalidField.statistics_fields)\n    @allure.title(\"{id_test_case}-Тест создание с невалидным statistics.{stat_field} равный {invalid_value}\")\n    def test_create_ad_with_invalid_static_field(self, data_for_create_ad, static_field, invalid_value, id_test_case):\n        data_ad = data_for_create_ad.copy()\n        data_ad[\"statistics\"][static_field] = invalid_value\n        response = create_ad(data_ad)\n        with allure.step(f\"{id_test_case}-Проверить статус код 400\"):\n>           assert response.status_code == 400, f\"Ожидался 400, получен {response.status_code}\"\nE           AssertionError: Ожидался 400, получен 200\nE           assert 200 == 400\nE            +  where 200 = <Response [200]>.status_code\n\ntest_create_ad.py:121: AssertionError"}, "steps": [{"name": "Создание обьявления", "status": "passed", "parameters": [{"name": "data_ad", "value": "{'sellerID': 829675, 'name': 'Шкода', 'price': 171522, 'statistics': {'likes': 347, 'viewCount': 3000000, 'contacts': 47}}"}], "start": 1767035914179, "stop": 1767035914517}, {"name": "ТС040-Проверить статус код 400", "status": "failed", "statusDetails": {"message": "AssertionError: Ожидался 400, получен 200\nassert 200 == 400\n +  where 200 = <Response [200]>.status_code\n", "trace": "  File \"C:\\Users\\Slipenberg\\Desktop\\Avito\\test_create_ad.py\", line 121, in test_create_ad_with_invalid_static_field\n    assert response.status_code == 400, f\"Ожидался 400, получен {response.status_code}\"\n"}, "start": 1767035914517, "stop": 1767035914517}], "parameters": [{"name": "static_field", "value": "'viewCount'"}, {"name": "invalid_value", "value": "3000000"}, {"name": "id_test_case", "value": "'ТС040'"}], "start": 1767035914179, "stop": 1767035914519, "uuid": "f719097d-ac59-414f-bf41-0f3bdb11b269", "historyId": "b5fdefe3bd3f56d0ed020f68f6cebb94", "testCaseId": "1909761eed58a33617db5e67da7378f5", "fullName": "test_create_ad.TestCreateAd#test_create_ad_with_invalid_static_field", "labels": [{"name": "suite", "value": "test_create_ad"}, {"name": "subSuite", "value": "TestCreateAd"}, {"name": "host", "value": "DESKTOP-GVQL230"}, {"name": "thread", "value": "13132-MainThread"}, {"name": "framework", "value": "pytest"}, {"name": "language", "value": "cpython3"}, {"name": "package", "value": "test_create_ad"}], "titlePath": ["test_create_ad.py", "TestCreateAd"]}