{"name": "TC059-Тест запроса несуществующего/невалидного id: ", "status": "failed", "statusDetails": {"message": "AssertionError: assert 'result' in {'code': 400, 'message': 'route /api/1/item/ not found'}", "trace": "self = <test_get_ad_for_id.TestGetAdById object at 0x000001B883899490>\nafter_create_ad_delete = (<Response [200]>, 927771, '559fbbbc-ffc8-4de8-b7de-d6122a2133ea', {'status': 'Сохранили объявление - 559fbbbc-ffc8-4de8-b7de-d6122a2133ea'})\ninvalid_id = '', id_test_case = 'TC059'\n\n    @pytest.mark.parametrize(\"invalid_id, id_test_case\", InvalidField.invalid_get_ad_by_id)\n    @allure.title(\"{id_test_case}-Тест запроса несуществующего/невалидного id: {invalid_id}\")\n    def test_create_ad_with_invalid_static_field(self, after_create_ad_delete, invalid_id, id_test_case):\n        response = get_ad_by_id(invalid_id)\n        with allure.step(f\"Проверить возможность получения обьявления при невалидном id: {invalid_id}\"):\n            assert response.status_code == 400 or response.status_code == 404\n            if response.status_code == 400:\n                response_data = response.json()\n                assert \"result\" in response_data\n                res = response_data[\"result\"]\n                assert \"messages\" in res\n                assert \"message\" in res\n                assert \"status\" in response_data\n            elif response.status_code == 404:\n                response_data = response.json()\n>               assert \"result\" in response_data\nE               AssertionError: assert 'result' in {'code': 400, 'message': 'route /api/1/item/ not found'}\n\ntest_get_ad_for_id.py:40: AssertionError"}, "steps": [{"name": "Получить объявление по id", "status": "passed", "parameters": [{"name": "ad_id", "value": "''"}], "start": 1767035921486, "stop": 1767035921794}, {"name": "Проверить возможность получения обьявления при невалидном id: ", "status": "failed", "statusDetails": {"message": "AssertionError: assert 'result' in {'code': 400, 'message': 'route /api/1/item/ not found'}\n", "trace": "  File \"C:\\Users\\Slipenberg\\Desktop\\Avito\\test_get_ad_for_id.py\", line 40, in test_create_ad_with_invalid_static_field\n    assert \"result\" in response_data\n"}, "start": 1767035921794, "stop": 1767035921794}], "parameters": [{"name": "invalid_id", "value": "''"}, {"name": "id_test_case", "value": "'TC059'"}], "start": 1767035921485, "stop": 1767035921795, "uuid": "decee5c8-13ca-4195-9e3f-0b719d4e8224", "historyId": "52ce36ce61406c422a71f66e96ab20c2", "testCaseId": "a520a24e62eebb88551b9cf7678a8e34", "fullName": "test_get_ad_for_id.TestGetAdById#test_create_ad_with_invalid_static_field", "labels": [{"name": "suite", "value": "test_get_ad_for_id"}, {"name": "subSuite", "value": "TestGetAdById"}, {"name": "host", "value": "DESKTOP-GVQL230"}, {"name": "thread", "value": "13132-MainThread"}, {"name": "framework", "value": "pytest"}, {"name": "language", "value": "cpython3"}, {"name": "package", "value": "test_get_ad_for_id"}], "titlePath": ["test_get_ad_for_id.py", "TestGetAdById"]}