{"uid":"472706a558f638c9","name":"ТС013-Тест создание объявления с невалидным значением параметра sellerID равный 3000000","fullName":"test_create_ad.TestCreateAd#test_create_ad_with_invalid_fields","historyId":"00550a49337ea334153ae91154d779fd","time":{"start":1767035904810,"stop":1767035905136,"duration":326},"status":"failed","statusMessage":"AssertionError: Ожидался 400, получен 200\nassert 200 == 400\n +  where 200 = <Response [200]>.status_code","statusTrace":"self = <test_create_ad.TestCreateAd object at 0x000001B88385AD50>\ndata_for_create_ad = {'name': 'Лада', 'price': 1243413, 'sellerID': 743657, 'statistics': {'contacts': 24, 'likes': 279, 'viewCount': 57}}, field = 'sellerID'\ninvalid_value = 3000000, id_test_case = 'ТС013'\n\n    @pytest.mark.parametrize(\"field, invalid_value, id_test_case\", InvalidField.invalid_fields)\n    @allure.title(\"{id_test_case}-Тест создание объявления с невалидным значением параметра {field} равный {invalid_value}\")\n    def test_create_ad_with_invalid_fields(self, data_for_create_ad, field, invalid_value, id_test_case):\n        data_ad = data_for_create_ad.copy()\n        data_ad[field] = invalid_value\n        response = create_ad(data_ad)\n        with allure.step(f\"{id_test_case}-Проверить статус код 400\"):\n>           assert response.status_code == 400, f\"Ожидался 400, получен {response.status_code}\"\nE           AssertionError: Ожидался 400, получен 200\nE           assert 200 == 400\nE            +  where 200 = <Response [200]>.status_code\n\ntest_create_ad.py:108: AssertionError","flaky":false,"newFailed":false,"newBroken":false,"newPassed":false,"retriesCount":0,"retriesStatusChange":false,"beforeStages":[{"name":"_session_faker","time":{"start":1767035898217,"stop":1767035898218,"duration":1},"status":"passed","steps":[],"attachments":[],"parameters":[],"hasContent":false,"attachmentStep":false,"stepsCount":0,"shouldDisplayMessage":false,"attachmentsCount":0},{"name":"data_for_create_ad","time":{"start":1767035904809,"stop":1767035904809,"duration":0},"status":"passed","steps":[],"attachments":[],"parameters":[],"hasContent":false,"attachmentStep":false,"stepsCount":0,"shouldDisplayMessage":false,"attachmentsCount":0}],"testStage":{"status":"failed","statusMessage":"AssertionError: Ожидался 400, получен 200\nassert 200 == 400\n +  where 200 = <Response [200]>.status_code","statusTrace":"self = <test_create_ad.TestCreateAd object at 0x000001B88385AD50>\ndata_for_create_ad = {'name': 'Лада', 'price': 1243413, 'sellerID': 743657, 'statistics': {'contacts': 24, 'likes': 279, 'viewCount': 57}}, field = 'sellerID'\ninvalid_value = 3000000, id_test_case = 'ТС013'\n\n    @pytest.mark.parametrize(\"field, invalid_value, id_test_case\", InvalidField.invalid_fields)\n    @allure.title(\"{id_test_case}-Тест создание объявления с невалидным значением параметра {field} равный {invalid_value}\")\n    def test_create_ad_with_invalid_fields(self, data_for_create_ad, field, invalid_value, id_test_case):\n        data_ad = data_for_create_ad.copy()\n        data_ad[field] = invalid_value\n        response = create_ad(data_ad)\n        with allure.step(f\"{id_test_case}-Проверить статус код 400\"):\n>           assert response.status_code == 400, f\"Ожидался 400, получен {response.status_code}\"\nE           AssertionError: Ожидался 400, получен 200\nE           assert 200 == 400\nE            +  where 200 = <Response [200]>.status_code\n\ntest_create_ad.py:108: AssertionError","steps":[{"name":"Создание обьявления","time":{"start":1767035904810,"stop":1767035905135,"duration":325},"status":"passed","steps":[],"attachments":[],"parameters":[{"name":"data_ad","value":"{'sellerID': 3000000, 'name': 'Лада', 'price': 1243413, 'statistics': {'likes': 279, 'viewCount': 57, 'contacts': 24}}"}],"hasContent":true,"attachmentStep":false,"stepsCount":0,"shouldDisplayMessage":false,"attachmentsCount":0},{"name":"ТС013-Проверить статус код 400","time":{"start":1767035905135,"stop":1767035905135,"duration":0},"status":"failed","statusMessage":"AssertionError: Ожидался 400, получен 200\nassert 200 == 400\n +  where 200 = <Response [200]>.status_code\n","statusTrace":"  File \"C:\\Users\\Slipenberg\\Desktop\\Avito\\test_create_ad.py\", line 108, in test_create_ad_with_invalid_fields\n    assert response.status_code == 400, f\"Ожидался 400, получен {response.status_code}\"\n","steps":[],"attachments":[],"parameters":[],"hasContent":true,"attachmentStep":false,"stepsCount":0,"shouldDisplayMessage":true,"attachmentsCount":0}],"attachments":[],"parameters":[],"hasContent":true,"attachmentStep":false,"stepsCount":2,"shouldDisplayMessage":true,"attachmentsCount":0},"afterStages":[],"labels":[{"name":"suite","value":"test_create_ad"},{"name":"subSuite","value":"TestCreateAd"},{"name":"host","value":"DESKTOP-GVQL230"},{"name":"thread","value":"13132-MainThread"},{"name":"framework","value":"pytest"},{"name":"language","value":"cpython3"},{"name":"package","value":"test_create_ad"},{"name":"resultFormat","value":"allure2"}],"parameters":[{"name":"field","value":"'sellerID'"},{"name":"id_test_case","value":"'ТС013'"},{"name":"invalid_value","value":"3000000"}],"links":[],"hidden":false,"retry":false,"extra":{"severity":"normal","retries":[],"categories":[{"name":"Product defects","matchedStatuses":[]}],"tags":[]},"source":"472706a558f638c9.json","parameterValues":["'sellerID'","'ТС013'","3000000"]}