{"uid":"47d53d7bebbaecd4","name":"ТС006-Тест создание объявления с нулевым значением contacts","fullName":"test_create_ad.TestCreateAd#test_create_ad_with_zero_value_fields","historyId":"aca5fb4ac8a15cddfa4ff3edc0dd4f7b","time":{"start":1767035900432,"stop":1767035900740,"duration":308},"status":"failed","statusMessage":"AssertionError: assert 400 == 200\n +  where 400 = <Response [400]>.status_code","statusTrace":"self = <test_create_ad.TestCreateAd object at 0x000001B8837E6030>\ndata_for_create_ad = {'name': 'Шкода', 'price': 3400981, 'sellerID': 307837, 'statistics': {'contacts': 0, 'likes': 365, 'viewCount': 220}}, field_name = 'contacts'\ntest_case_id = 'ТС006'\n\n    @pytest.mark.parametrize(\"field_name, test_case_id\", ZeroInField.field)\n    @allure.title(\"{test_case_id}-Тест создание объявления с нулевым значением {field_name}\")\n    def test_create_ad_with_zero_value_fields(self, data_for_create_ad, field_name, test_case_id):\n        data_ad = data_for_create_ad.copy()\n        if field_name == \"price\":\n            data_ad[\"price\"] = 0\n        else:\n            data_ad[\"statistics\"][field_name] = 0\n        response = create_ad(data_ad)\n        with allure.step(f\"{test_case_id}-Проверить успешное создание с {field_name}=0\"):\n>           assert response.status_code == 200\nE           assert 400 == 200\nE            +  where 400 = <Response [400]>.status_code\n\ntest_create_ad.py:60: AssertionError","flaky":false,"newFailed":false,"newBroken":false,"newPassed":false,"retriesCount":0,"retriesStatusChange":false,"beforeStages":[{"name":"_session_faker","time":{"start":1767035898217,"stop":1767035898218,"duration":1},"status":"passed","steps":[],"attachments":[],"parameters":[],"hasContent":false,"attachmentStep":false,"stepsCount":0,"shouldDisplayMessage":false,"attachmentsCount":0},{"name":"data_for_create_ad","time":{"start":1767035900431,"stop":1767035900431,"duration":0},"status":"passed","steps":[],"attachments":[],"parameters":[],"hasContent":false,"attachmentStep":false,"stepsCount":0,"shouldDisplayMessage":false,"attachmentsCount":0}],"testStage":{"status":"failed","statusMessage":"AssertionError: assert 400 == 200\n +  where 400 = <Response [400]>.status_code","statusTrace":"self = <test_create_ad.TestCreateAd object at 0x000001B8837E6030>\ndata_for_create_ad = {'name': 'Шкода', 'price': 3400981, 'sellerID': 307837, 'statistics': {'contacts': 0, 'likes': 365, 'viewCount': 220}}, field_name = 'contacts'\ntest_case_id = 'ТС006'\n\n    @pytest.mark.parametrize(\"field_name, test_case_id\", ZeroInField.field)\n    @allure.title(\"{test_case_id}-Тест создание объявления с нулевым значением {field_name}\")\n    def test_create_ad_with_zero_value_fields(self, data_for_create_ad, field_name, test_case_id):\n        data_ad = data_for_create_ad.copy()\n        if field_name == \"price\":\n            data_ad[\"price\"] = 0\n        else:\n            data_ad[\"statistics\"][field_name] = 0\n        response = create_ad(data_ad)\n        with allure.step(f\"{test_case_id}-Проверить успешное создание с {field_name}=0\"):\n>           assert response.status_code == 200\nE           assert 400 == 200\nE            +  where 400 = <Response [400]>.status_code\n\ntest_create_ad.py:60: AssertionError","steps":[{"name":"Создание обьявления","time":{"start":1767035900432,"stop":1767035900739,"duration":307},"status":"passed","steps":[],"attachments":[],"parameters":[{"name":"data_ad","value":"{'sellerID': 307837, 'name': 'Шкода', 'price': 3400981, 'statistics': {'likes': 365, 'viewCount': 220, 'contacts': 0}}"}],"hasContent":true,"attachmentStep":false,"stepsCount":0,"shouldDisplayMessage":false,"attachmentsCount":0},{"name":"ТС006-Проверить успешное создание с contacts=0","time":{"start":1767035900739,"stop":1767035900739,"duration":0},"status":"failed","statusMessage":"AssertionError: assert 400 == 200\n +  where 400 = <Response [400]>.status_code\n","statusTrace":"  File \"C:\\Users\\Slipenberg\\Desktop\\Avito\\test_create_ad.py\", line 60, in test_create_ad_with_zero_value_fields\n    assert response.status_code == 200\n","steps":[],"attachments":[],"parameters":[],"hasContent":true,"attachmentStep":false,"stepsCount":0,"shouldDisplayMessage":true,"attachmentsCount":0}],"attachments":[],"parameters":[],"hasContent":true,"attachmentStep":false,"stepsCount":2,"shouldDisplayMessage":true,"attachmentsCount":0},"afterStages":[],"labels":[{"name":"suite","value":"test_create_ad"},{"name":"subSuite","value":"TestCreateAd"},{"name":"host","value":"DESKTOP-GVQL230"},{"name":"thread","value":"13132-MainThread"},{"name":"framework","value":"pytest"},{"name":"language","value":"cpython3"},{"name":"package","value":"test_create_ad"},{"name":"resultFormat","value":"allure2"}],"parameters":[{"name":"field_name","value":"'contacts'"},{"name":"test_case_id","value":"'ТС006'"}],"links":[],"hidden":false,"retry":false,"extra":{"severity":"normal","retries":[],"categories":[{"name":"Product defects","matchedStatuses":[]}],"tags":[]},"source":"47d53d7bebbaecd4.json","parameterValues":["'contacts'","'ТС006'"]}