{"uid":"93ca17013b87a387","name":"ТС047-Тест создание с невалидным statistics.{stat_field} равный 3000000","fullName":"test_create_ad.TestCreateAd#test_create_ad_with_invalid_static_field","historyId":"92450bdaaa6fa1e9cec8230fb5833dcd","time":{"start":1767035916168,"stop":1767035916479,"duration":311},"status":"failed","statusMessage":"AssertionError: Ожидался 400, получен 200\nassert 200 == 400\n +  where 200 = <Response [200]>.status_code","statusTrace":"self = <test_create_ad.TestCreateAd object at 0x000001B8838900A0>\ndata_for_create_ad = {'name': 'Киа', 'price': 2697091, 'sellerID': 491831, 'statistics': {'contacts': 3000000, 'likes': 6, 'viewCount': 3832}}\nstatic_field = 'contacts', invalid_value = 3000000, id_test_case = 'ТС047'\n\n    @pytest.mark.parametrize(\"static_field, invalid_value, id_test_case\", InvalidField.statistics_fields)\n    @allure.title(\"{id_test_case}-Тест создание с невалидным statistics.{stat_field} равный {invalid_value}\")\n    def test_create_ad_with_invalid_static_field(self, data_for_create_ad, static_field, invalid_value, id_test_case):\n        data_ad = data_for_create_ad.copy()\n        data_ad[\"statistics\"][static_field] = invalid_value\n        response = create_ad(data_ad)\n        with allure.step(f\"{id_test_case}-Проверить статус код 400\"):\n>           assert response.status_code == 400, f\"Ожидался 400, получен {response.status_code}\"\nE           AssertionError: Ожидался 400, получен 200\nE           assert 200 == 400\nE            +  where 200 = <Response [200]>.status_code\n\ntest_create_ad.py:121: AssertionError","flaky":false,"newFailed":false,"newBroken":false,"newPassed":false,"retriesCount":0,"retriesStatusChange":false,"beforeStages":[{"name":"_session_faker","time":{"start":1767035898217,"stop":1767035898218,"duration":1},"status":"passed","steps":[],"attachments":[],"parameters":[],"hasContent":false,"attachmentStep":false,"stepsCount":0,"shouldDisplayMessage":false,"attachmentsCount":0},{"name":"data_for_create_ad","time":{"start":1767035916167,"stop":1767035916167,"duration":0},"status":"passed","steps":[],"attachments":[],"parameters":[],"hasContent":false,"attachmentStep":false,"stepsCount":0,"shouldDisplayMessage":false,"attachmentsCount":0}],"testStage":{"status":"failed","statusMessage":"AssertionError: Ожидался 400, получен 200\nassert 200 == 400\n +  where 200 = <Response [200]>.status_code","statusTrace":"self = <test_create_ad.TestCreateAd object at 0x000001B8838900A0>\ndata_for_create_ad = {'name': 'Киа', 'price': 2697091, 'sellerID': 491831, 'statistics': {'contacts': 3000000, 'likes': 6, 'viewCount': 3832}}\nstatic_field = 'contacts', invalid_value = 3000000, id_test_case = 'ТС047'\n\n    @pytest.mark.parametrize(\"static_field, invalid_value, id_test_case\", InvalidField.statistics_fields)\n    @allure.title(\"{id_test_case}-Тест создание с невалидным statistics.{stat_field} равный {invalid_value}\")\n    def test_create_ad_with_invalid_static_field(self, data_for_create_ad, static_field, invalid_value, id_test_case):\n        data_ad = data_for_create_ad.copy()\n        data_ad[\"statistics\"][static_field] = invalid_value\n        response = create_ad(data_ad)\n        with allure.step(f\"{id_test_case}-Проверить статус код 400\"):\n>           assert response.status_code == 400, f\"Ожидался 400, получен {response.status_code}\"\nE           AssertionError: Ожидался 400, получен 200\nE           assert 200 == 400\nE            +  where 200 = <Response [200]>.status_code\n\ntest_create_ad.py:121: AssertionError","steps":[{"name":"Создание обьявления","time":{"start":1767035916168,"stop":1767035916478,"duration":310},"status":"passed","steps":[],"attachments":[],"parameters":[{"name":"data_ad","value":"{'sellerID': 491831, 'name': 'Киа', 'price': 2697091, 'statistics': {'likes': 6, 'viewCount': 3832, 'contacts': 3000000}}"}],"hasContent":true,"attachmentStep":false,"stepsCount":0,"shouldDisplayMessage":false,"attachmentsCount":0},{"name":"ТС047-Проверить статус код 400","time":{"start":1767035916478,"stop":1767035916478,"duration":0},"status":"failed","statusMessage":"AssertionError: Ожидался 400, получен 200\nassert 200 == 400\n +  where 200 = <Response [200]>.status_code\n","statusTrace":"  File \"C:\\Users\\Slipenberg\\Desktop\\Avito\\test_create_ad.py\", line 121, in test_create_ad_with_invalid_static_field\n    assert response.status_code == 400, f\"Ожидался 400, получен {response.status_code}\"\n","steps":[],"attachments":[],"parameters":[],"hasContent":true,"attachmentStep":false,"stepsCount":0,"shouldDisplayMessage":true,"attachmentsCount":0}],"attachments":[],"parameters":[],"hasContent":true,"attachmentStep":false,"stepsCount":2,"shouldDisplayMessage":true,"attachmentsCount":0},"afterStages":[],"labels":[{"name":"suite","value":"test_create_ad"},{"name":"subSuite","value":"TestCreateAd"},{"name":"host","value":"DESKTOP-GVQL230"},{"name":"thread","value":"13132-MainThread"},{"name":"framework","value":"pytest"},{"name":"language","value":"cpython3"},{"name":"package","value":"test_create_ad"},{"name":"resultFormat","value":"allure2"}],"parameters":[{"name":"id_test_case","value":"'ТС047'"},{"name":"invalid_value","value":"3000000"},{"name":"static_field","value":"'contacts'"}],"links":[],"hidden":false,"retry":false,"extra":{"severity":"normal","retries":[],"categories":[{"name":"Product defects","matchedStatuses":[]}],"tags":[]},"source":"93ca17013b87a387.json","parameterValues":["'ТС047'","3000000","'contacts'"]}