{"uid":"d69ee8f1a8704ba1","name":"ТС005-Тест создание объявления с нулевым значением viewCount","fullName":"test_create_ad.TestCreateAd#test_create_ad_with_zero_value_fields","historyId":"11682ffe8743c1f0ffbfc9f7eb4dd905","time":{"start":1767035900103,"stop":1767035900415,"duration":312},"status":"failed","statusMessage":"AssertionError: assert 400 == 200\n +  where 400 = <Response [400]>.status_code","statusTrace":"self = <test_create_ad.TestCreateAd object at 0x000001B88386CDD0>\ndata_for_create_ad = {'name': 'БМВ', 'price': 2867567, 'sellerID': 699134, 'statistics': {'contacts': 191, 'likes': 475, 'viewCount': 0}}, field_name = 'viewCount'\ntest_case_id = 'ТС005'\n\n    @pytest.mark.parametrize(\"field_name, test_case_id\", ZeroInField.field)\n    @allure.title(\"{test_case_id}-Тест создание объявления с нулевым значением {field_name}\")\n    def test_create_ad_with_zero_value_fields(self, data_for_create_ad, field_name, test_case_id):\n        data_ad = data_for_create_ad.copy()\n        if field_name == \"price\":\n            data_ad[\"price\"] = 0\n        else:\n            data_ad[\"statistics\"][field_name] = 0\n        response = create_ad(data_ad)\n        with allure.step(f\"{test_case_id}-Проверить успешное создание с {field_name}=0\"):\n>           assert response.status_code == 200\nE           assert 400 == 200\nE            +  where 400 = <Response [400]>.status_code\n\ntest_create_ad.py:60: AssertionError","flaky":false,"newFailed":false,"newBroken":false,"newPassed":false,"retriesCount":0,"retriesStatusChange":false,"beforeStages":[{"name":"_session_faker","time":{"start":1767035898217,"stop":1767035898218,"duration":1},"status":"passed","steps":[],"attachments":[],"parameters":[],"hasContent":false,"attachmentStep":false,"stepsCount":0,"shouldDisplayMessage":false,"attachmentsCount":0},{"name":"data_for_create_ad","time":{"start":1767035900102,"stop":1767035900102,"duration":0},"status":"passed","steps":[],"attachments":[],"parameters":[],"hasContent":false,"attachmentStep":false,"stepsCount":0,"shouldDisplayMessage":false,"attachmentsCount":0}],"testStage":{"status":"failed","statusMessage":"AssertionError: assert 400 == 200\n +  where 400 = <Response [400]>.status_code","statusTrace":"self = <test_create_ad.TestCreateAd object at 0x000001B88386CDD0>\ndata_for_create_ad = {'name': 'БМВ', 'price': 2867567, 'sellerID': 699134, 'statistics': {'contacts': 191, 'likes': 475, 'viewCount': 0}}, field_name = 'viewCount'\ntest_case_id = 'ТС005'\n\n    @pytest.mark.parametrize(\"field_name, test_case_id\", ZeroInField.field)\n    @allure.title(\"{test_case_id}-Тест создание объявления с нулевым значением {field_name}\")\n    def test_create_ad_with_zero_value_fields(self, data_for_create_ad, field_name, test_case_id):\n        data_ad = data_for_create_ad.copy()\n        if field_name == \"price\":\n            data_ad[\"price\"] = 0\n        else:\n            data_ad[\"statistics\"][field_name] = 0\n        response = create_ad(data_ad)\n        with allure.step(f\"{test_case_id}-Проверить успешное создание с {field_name}=0\"):\n>           assert response.status_code == 200\nE           assert 400 == 200\nE            +  where 400 = <Response [400]>.status_code\n\ntest_create_ad.py:60: AssertionError","steps":[{"name":"Создание обьявления","time":{"start":1767035900103,"stop":1767035900413,"duration":310},"status":"passed","steps":[],"attachments":[],"parameters":[{"name":"data_ad","value":"{'sellerID': 699134, 'name': 'БМВ', 'price': 2867567, 'statistics': {'likes': 475, 'viewCount': 0, 'contacts': 191}}"}],"hasContent":true,"attachmentStep":false,"stepsCount":0,"shouldDisplayMessage":false,"attachmentsCount":0},{"name":"ТС005-Проверить успешное создание с viewCount=0","time":{"start":1767035900413,"stop":1767035900414,"duration":1},"status":"failed","statusMessage":"AssertionError: assert 400 == 200\n +  where 400 = <Response [400]>.status_code\n","statusTrace":"  File \"C:\\Users\\Slipenberg\\Desktop\\Avito\\test_create_ad.py\", line 60, in test_create_ad_with_zero_value_fields\n    assert response.status_code == 200\n","steps":[],"attachments":[],"parameters":[],"hasContent":true,"attachmentStep":false,"stepsCount":0,"shouldDisplayMessage":true,"attachmentsCount":0}],"attachments":[],"parameters":[],"hasContent":true,"attachmentStep":false,"stepsCount":2,"shouldDisplayMessage":true,"attachmentsCount":0},"afterStages":[],"labels":[{"name":"suite","value":"test_create_ad"},{"name":"subSuite","value":"TestCreateAd"},{"name":"host","value":"DESKTOP-GVQL230"},{"name":"thread","value":"13132-MainThread"},{"name":"framework","value":"pytest"},{"name":"language","value":"cpython3"},{"name":"package","value":"test_create_ad"},{"name":"resultFormat","value":"allure2"}],"parameters":[{"name":"field_name","value":"'viewCount'"},{"name":"test_case_id","value":"'ТС005'"}],"links":[],"hidden":false,"retry":false,"extra":{"severity":"normal","retries":[],"categories":[{"name":"Product defects","matchedStatuses":[]}],"tags":[]},"source":"d69ee8f1a8704ba1.json","parameterValues":["'viewCount'","'ТС005'"]}